<?xml version="1.0" encoding="UTF-8" ?>
<testsuite tests="0" failures="0" name="com.powernode.myspring.test.MySpringTest" time="0" errors="0" skipped="0">
  <properties>
    <property name="idea.version" value="2023.1"/>
    <property name="java.runtime.name" value="OpenJDK Runtime Environment"/>
    <property name="java.vm.version" value="17.0.5+8"/>
    <property name="sun.boot.library.path" value="C:\Users\Lin\.jdks\temurin-17.0.5\bin"/>
    <property name="maven.multiModuleProjectDirectory" value="D:\Lin\Documents\Studio\practice\spring6\code\spring6\myspring"/>
    <property name="java.vm.vendor" value="Eclipse Adoptium"/>
    <property name="java.vendor.url" value="https://adoptium.net/"/>
    <property name="guice.disable.misplaced.annotation.check" value="true"/>
    <property name="path.separator" value=";"/>
    <property name="java.vm.name" value="OpenJDK 64-Bit Server VM"/>
    <property name="sun.os.patch.level" value=""/>
    <property name="user.script" value=""/>
    <property name="user.country" value="TW"/>
    <property name="sun.java.launcher" value="SUN_STANDARD"/>
    <property name="java.vm.specification.name" value="Java Virtual Machine Specification"/>
    <property name="user.dir" value="D:\Lin\Documents\Studio\practice\spring6\code\spring6\myspring"/>
    <property name="java.vm.compressedOopsMode" value="Zero based"/>
    <property name="java.runtime.version" value="17.0.5+8"/>
    <property name="os.arch" value="amd64"/>
    <property name="java.io.tmpdir" value="C:\Users\Lin\AppData\Local\Temp\"/>
    <property name="line.separator" value="
"/>
    <property name="java.vm.specification.vendor" value="Oracle Corporation"/>
    <property name="user.variant" value=""/>
    <property name="os.name" value="Windows 10"/>
    <property name="maven.ext.class.path" value="C:\Users\Lin\AppData\Local\JetBrains\Toolbox\apps\IDEA-U\ch-0\231.8109.144\plugins\maven\lib\maven-event-listener.jar"/>
    <property name="classworlds.conf" value="D:\dev\apache\apache-maven-3.8.5\bin\m2.conf"/>
    <property name="sun.jnu.encoding" value="MS950"/>
    <property name="java.library.path" value="C:\Users\Lin\.jdks\temurin-17.0.5\bin;C:\Windows\Sun\Java\bin;C:\Windows\system32;C:\Windows;D:\Program Files\NetSarang\Xftp 6\;D:\Program Files\NetSarang\Xshell 6\;D:\Program Files\VMware\bin\;D:\develop_tools\MySQL\MySQL Server 8.0\bin;C:\Program Files\Eclipse Adoptium\jdk-11.0.16.101-hotspot\bin;C:\Python310\Scripts\;C:\Python310\;C:\Windows\system32;C:\Windows;C:\Windows\System32\Wbem;C:\Windows\System32\WindowsPowerShell\v1.0\;C:\Windows\System32\OpenSSH\;C:\Program Files\apache-maven-3.8.5\bin;C:\Users\Lin\.jdks\temurin-11.0.14\bin;C:\Users\Lin\.jdks\temurin-11.0.14\jre\bin;C:\Program Files\Git\cmd;C:\Program Files\Microsoft Visual Studio\2022\Community\VC\Tools\MSVC\14.16.27023\bin\HostX64\x64;C:\Program Files\nodejs\;C:\ProgramData\chocolatey\bin;C:\Program Files\dotnet\;C:\MongoDB\Server\5.0\bin;D:\tools;C:\Program Files\TortoiseGit\bin;C:\Program Files\apache-maven-3.8.5\bin;D:\dev\gradle-8.0.2\bin;C:\Users\Lin\AppData\Local\Programs\Python\Python37-32\Scripts\;C:\Users\Lin\AppData\Local\Programs\Python\Python37-32\;C:\Program Files\Microsoft VS Code\bin;C:\Users\Lin\AppData\Local\Microsoft\WindowsApps;C:\Users\Lin\.jdks\temurin-11.0.14\bin;C:\Users\Lin\.jdks\temurin-11.0.14\jre\bin;C:\Program Files\apache-maven-3.8.4\apache-maven-3.8.5\bin;C:\Users\Lin\AppData\Roaming\npm;C:\Users\Lin\AppData\Local\JetBrains\Toolbox\scripts;C:\Software\go\bin;C:\MongoDB\Server\5.0\bin;;."/>
    <property name="jansi.passthrough" value="true"/>
    <property name="maven.conf" value="D:\dev\apache\apache-maven-3.8.5/conf"/>
    <property name="jdk.debug" value="release"/>
    <property name="java.class.version" value="61.0"/>
    <property name="java.specification.name" value="Java Platform API Specification"/>
    <property name="sun.management.compiler" value="HotSpot 64-Bit Tiered Compilers"/>
    <property name="os.version" value="10.0"/>
    <property name="user.home" value="C:\Users\Lin"/>
    <property name="user.timezone" value="Asia/Taipei"/>
    <property name="file.encoding" value="UTF-8"/>
    <property name="java.specification.version" value="17"/>
    <property name="user.name" value="Lin"/>
    <property name="java.class.path" value="D:\dev\apache\apache-maven-3.8.5\boot\plexus-classworlds-2.6.0.jar;D:\dev\apache\apache-maven-3.8.5\boot\plexus-classworlds.license"/>
    <property name="java.vm.specification.version" value="17"/>
    <property name="sun.arch.data.model" value="64"/>
    <property name="sun.java.command" value="org.codehaus.classworlds.Launcher -Didea.version=2023.1 package"/>
    <property name="java.home" value="C:\Users\Lin\.jdks\temurin-17.0.5"/>
    <property name="user.language" value="zh"/>
    <property name="java.specification.vendor" value="Oracle Corporation"/>
    <property name="java.vm.info" value="mixed mode, sharing"/>
    <property name="java.version" value="17.0.5"/>
    <property name="native.encoding" value="MS950"/>
    <property name="java.vendor" value="Eclipse Adoptium"/>
    <property name="maven.home" value="D:\dev\apache\apache-maven-3.8.5"/>
    <property name="file.separator" value="\"/>
    <property name="java.version.date" value="2022-10-18"/>
    <property name="java.vendor.url.bug" value="https://github.com/adoptium/adoptium-support/issues"/>
    <property name="sun.io.unicode.encoding" value="UnicodeLittle"/>
    <property name="sun.cpu.endian" value="little"/>
    <property name="java.vendor.version" value="Temurin-17.0.5+8"/>
    <property name="sun.cpu.isalist" value="amd64"/>
  </properties>
</testsuite>